2020-10-09 10:47:30 [scrapy] DEBUG: Retrying <GET https://store.steampowered.com/robots.txt> (failed 1 times): [<twisted.python.failure.Failure twisted.internet.error.ConnectionLost: Connection to the other side was lost in a non-clean fashion: Connection lost.>]
2020-10-09 10:47:30 [scrapy] DEBUG: Retrying <GET https://store.steampowered.com/robots.txt> (failed 2 times): [<twisted.python.failure.Failure twisted.internet.error.ConnectionLost: Connection to the other side was lost in a non-clean fashion: Connection lost.>]
2020-10-09 10:47:30 [scrapy] DEBUG: Gave up retrying <GET https://store.steampowered.com/robots.txt> (failed 3 times): [<twisted.python.failure.Failure twisted.internet.error.ConnectionLost: Connection to the other side was lost in a non-clean fashion: Connection lost.>]
2020-10-09 10:47:30 [scrapy] ERROR: Error downloading <GET https://store.steampowered.com/robots.txt>: [<twisted.python.failure.Failure twisted.internet.error.ConnectionLost: Connection to the other side was lost in a non-clean fashion: Connection lost.>]
Traceback (most recent call last):
  File "c:\users\home\anaconda3\envs\virtual_scrape\lib\site-packages\scrapy\core\downloader\middleware.py", line 43, in process_request
    defer.returnValue((yield download_func(request=request,spider=spider)))
twisted.web._newclient.ResponseNeverReceived: [<twisted.python.failure.Failure twisted.internet.error.ConnectionLost: Connection to the other side was lost in a non-clean fashion: Connection lost.>]
2020-10-09 10:47:31 [scrapy] DEBUG: Retrying <GET https://store.steampowered.com/search/?sort_by=&sort_order=0&filter=topsellers&page=1> (failed 1 times): [<twisted.python.failure.Failure twisted.internet.error.ConnectionLost: Connection to the other side was lost in a non-clean fashion: Connection lost.>]
2020-10-09 10:47:31 [scrapy] DEBUG: Retrying <GET https://store.steampowered.com/search/?sort_by=&sort_order=0&filter=topsellers&page=1> (failed 2 times): [<twisted.python.failure.Failure twisted.internet.error.ConnectionLost: Connection to the other side was lost in a non-clean fashion: Connection lost.>]
2020-10-09 10:47:31 [scrapy] DEBUG: Gave up retrying <GET https://store.steampowered.com/search/?sort_by=&sort_order=0&filter=topsellers&page=1> (failed 3 times): [<twisted.python.failure.Failure twisted.internet.error.ConnectionLost: Connection to the other side was lost in a non-clean fashion: Connection lost.>]
2020-10-09 10:47:31 [scrapy] ERROR: Error downloading <GET https://store.steampowered.com/search/?sort_by=&sort_order=0&filter=topsellers&page=1>
Traceback (most recent call last):
  File "c:\users\home\anaconda3\envs\virtual_scrape\lib\site-packages\scrapy\core\downloader\middleware.py", line 43, in process_request
    defer.returnValue((yield download_func(request=request,spider=spider)))
twisted.web._newclient.ResponseNeverReceived: [<twisted.python.failure.Failure twisted.internet.error.ConnectionLost: Connection to the other side was lost in a non-clean fashion: Connection lost.>]
2020-10-09 10:47:31 [scrapy] INFO: Closing spider (finished)
2020-10-09 10:47:31 [scrapy] INFO: Dumping Scrapy stats:
{'downloader/exception_count': 6,
 'downloader/exception_type_count/twisted.web._newclient.ResponseNeverReceived': 6,
 'downloader/request_bytes': 1536,
 'downloader/request_count': 6,
 'downloader/request_method_count/GET': 6,
 'finish_reason': 'finished',
 'finish_time': datetime.datetime(2020, 10, 9, 9, 47, 31, 944099),
 'httpcache/miss': 6,
 'log_count/DEBUG': 7,
 'log_count/ERROR': 2,
 'log_count/INFO': 6,
 'retry/count': 4,
 'retry/max_reached': 2,
 'retry/reason_count/twisted.web._newclient.ResponseNeverReceived': 4,
 "robotstxt/exception_count/<class 'twisted.web._newclient.ResponseNeverReceived'>": 1,
 'robotstxt/request_count': 1,
 'scheduler/dequeued': 3,
 'scheduler/dequeued/memory': 3,
 'scheduler/enqueued': 3,
 'scheduler/enqueued/memory': 3,
 'start_time': datetime.datetime(2020, 10, 9, 9, 47, 30, 29324)}
2020-10-09 10:47:31 [scrapy] INFO: Spider closed (finished)
